mode: atomic
github.com/fair-n-square-co/core/cmd/core/main.go:11.13,15.36 3 0
github.com/fair-n-square-co/core/cmd/core/main.go:15.36,18.3 2 0
github.com/fair-n-square-co/core/cmd/core/server.go:18.40,20.49 2 2
github.com/fair-n-square-co/core/cmd/core/server.go:20.49,22.3 1 2
github.com/fair-n-square-co/core/cmd/core/server.go:24.2,25.16 2 2
github.com/fair-n-square-co/core/cmd/core/server.go:25.16,27.3 1 1
github.com/fair-n-square-co/core/cmd/core/server.go:31.2,38.20 5 1
github.com/fair-n-square-co/core/cmd/core/server.go:38.20,41.3 2 1
github.com/fair-n-square-co/core/cmd/core/server.go:43.2,43.20 1 1
github.com/fair-n-square-co/core/cmd/core/server.go:43.20,47.3 3 1
github.com/fair-n-square-co/core/cmd/core/server.go:49.2,49.17 1 1
github.com/fair-n-square-co/core/internal/core/db/sqlc/db.go:20.28,22.2 1 25
github.com/fair-n-square-co/core/internal/core/db/sqlc/db.go:28.46,32.2 1 1
github.com/fair-n-square-co/core/internal/core/db/sqlc/friendship.sql.go:26.108,37.2 4 2
github.com/fair-n-square-co/core/internal/core/db/sqlc/friendship.sql.go:52.105,70.2 4 2
github.com/fair-n-square-co/core/internal/core/db/sqlc/friendship.sql.go:77.94,90.2 4 2
github.com/fair-n-square-co/core/internal/core/db/sqlc/friendship.sql.go:102.111,115.2 4 2
github.com/fair-n-square-co/core/internal/core/db/sqlc/friendship.sql.go:123.113,125.16 2 4
github.com/fair-n-square-co/core/internal/core/db/sqlc/friendship.sql.go:125.16,127.3 1 1
github.com/fair-n-square-co/core/internal/core/db/sqlc/friendship.sql.go:128.2,130.18 3 3
github.com/fair-n-square-co/core/internal/core/db/sqlc/friendship.sql.go:130.18,138.17 2 3
github.com/fair-n-square-co/core/internal/core/db/sqlc/friendship.sql.go:138.17,140.4 1 1
github.com/fair-n-square-co/core/internal/core/db/sqlc/friendship.sql.go:141.3,141.27 1 2
github.com/fair-n-square-co/core/internal/core/db/sqlc/friendship.sql.go:143.2,143.35 1 2
github.com/fair-n-square-co/core/internal/core/db/sqlc/friendship.sql.go:143.35,145.3 1 1
github.com/fair-n-square-co/core/internal/core/db/sqlc/friendship.sql.go:146.2,146.19 1 1
github.com/fair-n-square-co/core/internal/core/db/sqlc/friendship.sql.go:161.119,163.16 2 4
github.com/fair-n-square-co/core/internal/core/db/sqlc/friendship.sql.go:163.16,165.3 1 1
github.com/fair-n-square-co/core/internal/core/db/sqlc/friendship.sql.go:166.2,168.18 3 3
github.com/fair-n-square-co/core/internal/core/db/sqlc/friendship.sql.go:168.18,178.17 2 2
github.com/fair-n-square-co/core/internal/core/db/sqlc/friendship.sql.go:178.17,180.4 1 1
github.com/fair-n-square-co/core/internal/core/db/sqlc/friendship.sql.go:181.3,181.27 1 1
github.com/fair-n-square-co/core/internal/core/db/sqlc/friendship.sql.go:183.2,183.35 1 2
github.com/fair-n-square-co/core/internal/core/db/sqlc/friendship.sql.go:183.35,185.3 1 1
github.com/fair-n-square-co/core/internal/core/db/sqlc/friendship.sql.go:186.2,186.19 1 1
github.com/fair-n-square-co/core/internal/core/db/sqlc/friendship.sql.go:202.117,215.2 4 2
github.com/fair-n-square-co/core/internal/core/db/sqlc/user.sql.go:20.85,25.2 4 2
github.com/fair-n-square-co/core/internal/core/db/sqlc/user.sql.go:32.95,37.2 4 2
github.com/fair-n-square-co/core/internal/core/db/sqlc/user.sql.go:44.82,49.2 4 2
github.com/fair-n-square-co/core/internal/ledger/api/friend.go:15.38,17.2 1 2
github.com/fair-n-square-co/core/internal/ledger/api/friend.go:19.133,21.2 1 1
github.com/fair-n-square-co/core/internal/ledger/api/friend.go:23.130,25.2 1 1
github.com/fair-n-square-co/core/internal/ledger/service/friend.go:44.45,47.2 2 9
github.com/fair-n-square-co/core/internal/ledger/service/friend.go:50.44,53.2 2 10
